SF:lib/services/db.dart
DA:19,0
DA:21,0
DA:22,0
DA:23,0
DA:26,0
DA:30,0
DA:31,0
DA:35,0
DA:36,0
DA:40,0
DA:41,0
DA:43,0
DA:45,0
DA:46,0
DA:48,0
DA:49,0
DA:50,0
LF:17
LH:0
end_of_record
SF:lib/viewmodels/task.dart
DA:10,1
DA:11,2
DA:12,3
DA:15,1
DA:18,1
DA:19,3
DA:20,1
DA:24,1
DA:26,1
DA:27,3
DA:28,1
DA:31,1
DA:32,3
DA:34,2
DA:35,1
DA:38,1
DA:41,3
DA:43,3
DA:44,1
LF:19
LH:19
end_of_record
SF:lib/models/task.dart
DA:6,4
DA:8,0
DA:9,0
DA:11,2
DA:13,2
DA:14,6
DA:15,6
DA:16,6
DA:19,0
DA:20,0
DA:22,0
DA:23,0
DA:24,0
DA:29,0
DA:30,0
DA:32,0
DA:33,0
DA:34,0
LF:18
LH:6
end_of_record
SF:lib/screens/creator.dart
DA:11,3
DA:14,3
DA:15,3
DA:16,3
DA:32,3
DA:34,3
DA:36,14
DA:37,3
DA:38,11
DA:40,6
DA:41,6
DA:43,6
DA:46,3
DA:48,6
DA:49,6
DA:51,6
DA:52,6
DA:54,3
DA:57,3
DA:59,3
DA:60,3
DA:62,3
DA:65,3
DA:66,3
DA:69,3
DA:70,3
DA:71,3
DA:73,3
DA:74,3
DA:75,3
DA:76,3
DA:77,3
DA:80,3
DA:82,3
DA:83,3
DA:84,3
DA:85,3
DA:86,3
DA:87,3
DA:88,3
DA:90,6
DA:92,3
DA:93,3
DA:94,3
DA:99,0
DA:100,0
DA:102,1
DA:103,2
DA:108,3
DA:109,3
DA:110,3
DA:111,3
DA:112,3
DA:114,3
DA:115,3
DA:117,6
DA:119,3
DA:120,3
DA:121,3
DA:126,0
DA:127,0
DA:129,1
DA:130,2
DA:135,3
DA:136,3
DA:137,3
DA:138,3
DA:141,3
DA:142,3
DA:143,3
DA:144,3
DA:145,6
DA:146,3
DA:152,3
DA:157,3
DA:158,3
DA:159,3
DA:160,3
DA:162,0
DA:163,0
DA:165,0
DA:166,0
DA:174,1
DA:175,3
DA:177,2
DA:178,2
DA:181,3
DA:183,2
DA:185,2
DA:186,2
DA:188,1
DA:189,1
DA:190,2
DA:193,2
DA:195,2
DA:196,3
DA:197,1
DA:198,1
DA:205,1
DA:206,3
DA:207,3
DA:209,1
DA:210,0
DA:211,0
DA:213,0
DA:216,1
DA:217,3
DA:218,1
DA:219,1
DA:223,3
DA:224,6
LF:111
LH:100
end_of_record
SF:lib/screens/home.dart
DA:9,2
DA:10,2
DA:16,2
DA:18,2
DA:19,2
DA:21,2
DA:25,2
DA:26,2
DA:27,2
DA:28,2
DA:30,2
DA:36,2
DA:37,2
DA:38,2
DA:39,2
DA:41,2
DA:44,2
DA:49,2
DA:50,2
DA:51,4
DA:52,4
DA:54,1
DA:55,2
DA:56,2
DA:58,2
DA:60,2
DA:61,2
DA:64,2
DA:66,2
DA:68,2
DA:76,1
DA:77,2
DA:78,1
DA:80,1
DA:87,2
DA:88,2
DA:89,2
DA:90,2
DA:91,2
DA:99,2
DA:100,8
DA:101,6
DA:106,3
DA:107,1
DA:108,1
LF:45
LH:45
end_of_record
SF:lib/widgets/task.dart
DA:9,4
DA:11,2
DA:13,2
DA:14,8
DA:15,1
DA:16,2
DA:18,2
DA:20,8
DA:21,2
DA:22,8
DA:23,2
DA:30,2
DA:31,4
DA:32,2
DA:35,2
DA:36,4
DA:42,1
DA:43,3
DA:44,4
DA:49,0
DA:50,0
DA:51,0
DA:58,2
DA:60,6
DA:61,8
DA:63,8
DA:65,4
DA:66,4
DA:67,2
DA:68,2
LF:30
LH:27
end_of_record
