SF:lib/services/db.dart
DA:19,0
DA:21,0
DA:22,0
DA:23,0
DA:26,0
DA:30,0
DA:31,0
DA:35,0
DA:36,0
DA:40,0
DA:41,0
DA:43,0
DA:45,0
DA:46,0
DA:48,0
DA:49,0
DA:50,0
LF:17
LH:0
end_of_record
SF:lib/viewmodels/task.dart
DA:10,1
DA:11,2
DA:12,3
DA:15,1
DA:18,1
DA:19,3
DA:20,1
DA:24,1
DA:26,1
DA:27,3
DA:28,1
DA:31,1
DA:32,3
DA:34,2
DA:35,1
DA:38,1
DA:41,3
DA:43,3
DA:44,1
LF:19
LH:19
end_of_record
SF:lib/models/task.dart
DA:6,3
DA:8,0
DA:9,0
DA:11,2
DA:13,2
DA:14,6
DA:15,6
DA:16,6
DA:19,0
DA:20,0
DA:22,0
DA:23,0
DA:24,0
DA:29,0
DA:30,0
DA:32,0
DA:33,0
DA:34,0
LF:18
LH:6
end_of_record
SF:lib/screens/creator.dart
DA:11,2
DA:14,2
DA:15,2
DA:16,2
DA:32,2
DA:34,2
DA:36,9
DA:37,2
DA:38,7
DA:40,4
DA:41,4
DA:43,4
DA:46,2
DA:48,4
DA:49,4
DA:51,4
DA:52,4
DA:54,2
DA:57,2
DA:59,2
DA:60,2
DA:62,2
DA:65,2
DA:66,2
DA:69,2
DA:70,2
DA:71,2
DA:73,2
DA:74,2
DA:75,2
DA:76,2
DA:77,2
DA:80,2
DA:82,2
DA:83,2
DA:84,2
DA:85,2
DA:86,2
DA:87,2
DA:89,4
DA:91,2
DA:92,2
DA:93,2
DA:98,0
DA:99,0
DA:101,0
DA:102,0
DA:107,2
DA:108,2
DA:109,2
DA:110,2
DA:112,2
DA:113,2
DA:115,4
DA:117,2
DA:118,2
DA:119,2
DA:124,0
DA:125,0
DA:127,0
DA:128,0
DA:133,2
DA:134,2
DA:135,2
DA:138,2
DA:139,2
DA:140,2
DA:141,2
DA:142,4
DA:143,2
DA:149,2
DA:154,2
DA:155,2
DA:156,2
DA:157,2
DA:159,0
DA:160,0
DA:162,0
DA:163,0
DA:171,0
DA:172,0
DA:174,0
DA:175,0
DA:178,0
DA:180,0
DA:182,0
DA:183,0
DA:185,0
DA:186,0
DA:187,0
DA:190,0
DA:192,0
DA:193,0
DA:194,0
DA:195,0
DA:202,0
DA:203,0
DA:204,0
DA:206,0
DA:207,0
DA:208,0
DA:210,0
DA:213,0
DA:214,0
DA:215,0
DA:216,0
DA:220,2
DA:221,4
LF:108
LH:69
end_of_record
SF:lib/widgets/task.dart
DA:9,4
DA:11,2
DA:13,2
DA:14,8
DA:15,1
DA:16,2
DA:18,2
DA:20,8
DA:21,2
DA:22,8
DA:23,2
DA:30,2
DA:31,4
DA:32,2
DA:35,2
DA:36,4
DA:42,1
DA:43,3
DA:44,4
DA:49,0
DA:50,0
DA:51,0
DA:58,2
DA:60,6
DA:61,8
DA:63,8
DA:65,4
DA:66,4
DA:67,2
DA:68,2
LF:30
LH:27
end_of_record
SF:lib/screens/home.dart
DA:9,1
DA:10,1
DA:16,1
DA:18,1
DA:19,1
DA:21,1
DA:25,1
DA:26,1
DA:27,1
DA:28,1
DA:30,1
DA:36,1
DA:37,1
DA:38,1
DA:39,1
DA:41,1
DA:44,1
DA:49,1
DA:50,1
DA:51,2
DA:52,2
DA:54,1
DA:55,1
DA:56,1
DA:58,1
DA:60,1
DA:61,1
DA:64,1
DA:66,1
DA:68,1
DA:76,1
DA:77,2
DA:78,1
DA:80,1
DA:87,1
DA:88,1
DA:89,1
DA:90,1
DA:91,1
DA:99,1
DA:100,4
DA:101,3
DA:106,0
DA:107,0
DA:108,0
LF:45
LH:42
end_of_record
